<?xml version="1.0" encoding="UTF-8"?>
<!-- Generated by org.testng.reporters.JUnitReportReporter -->
<testsuite skipped="0" hostname="DESKTOP-AO84BMN" name="hyr.Firstrunintestng" tests="1" failures="0" timestamp="2022-02-22T15:48:42 IST" time="24.018" errors="0">
  <testcase name="TestGoogle" time="24.018" classname="hyr.Firstrunintestng"/>
  <system-out/>
</testsuite> <!-- hyr.Firstrunintestng -->
