<?xml version="1.0" encoding="UTF-8"?>
<!-- Generated by org.testng.reporters.JUnitReportReporter -->
<testsuite skipped="0" hostname="DESKTOP-AO84BMN" name="hyr.OrangeHRM" tests="5" failures="0" timestamp="2022-02-22T15:48:42 IST" time="47.889" errors="0">
  <testcase name="LaunchApp" time="15.176" classname="hyr.OrangeHRM"/>
  <system-out/>
  <testcase name="EnterValidDetails" time="5.281" classname="hyr.OrangeHRM"/>
  <system-out/>
  <testcase name="EnterValidDetails" time="5.086" classname="hyr.OrangeHRM"/>
  <system-out/>
  <testcase name="LaunchApp" time="19.985" classname="hyr.OrangeHRM"/>
  <system-out/>
  <testcase name="NavigateToMyInfo" time="2.361" classname="hyr.OrangeHRM"/>
  <system-out/>
</testsuite> <!-- hyr.OrangeHRM -->
